

*******************************************************************************
Tue Oct 22 16:55:02 2024


FIT:    data read from 'test' u (log(1/$4)/log(10)):2
        format = x:z
BREAK: No data to fit

*******************************************************************************
Tue Oct 22 16:55:10 2024


FIT:    data read from 'test' u (log(1/$4)/log(10)):2
        format = x:z
        #datapoints = 207
        residuals are weighted equally (unit weight)

function used for fitting: f(x)
	f(x)=a+b*x
fitted parameters initialized with current variable values

iter      chisq       delta/lim  lambda   a             b            
   0 1.4540748770e+04   0.00e+00  9.25e-01    1.000000e+00   1.000000e+00
   3 1.1703908654e+03  -2.94e-07  9.25e-04    4.367669e+00   7.277164e+00

After 3 iterations the fit converged.
final sum of squares of residuals : 1170.39
rel. change during last iteration : -2.94263e-12

degrees of freedom    (FIT_NDF)                        : 205
rms of residuals      (FIT_STDFIT) = sqrt(WSSR/ndf)    : 2.3894
variance of residuals (reduced chisquare) = WSSR/ndf   : 5.70922

Final set of parameters            Asymptotic Standard Error
=======================            ==========================
a               = 4.36767          +/- 0.235        (5.381%)
b               = 7.27716          +/- 0.2787       (3.83%)

correlation matrix of the fit parameters:
                a      b      
a               1.000 
b              -0.708  1.000 


*******************************************************************************
Tue Oct 22 16:55:58 2024


FIT:    data read from 'test' u (log(1/$4)/log(10)):2
        format = x:z
        x range restricted to [0.00000 : 10.0000]
        #datapoints = 207
        residuals are weighted equally (unit weight)

function used for fitting: f(x)
	f(x)=a+b*x
fitted parameters initialized with current variable values

iter      chisq       delta/lim  lambda   a             b            
   0 1.4540748770e+04   0.00e+00  9.25e-01    1.000000e+00   1.000000e+00
   3 1.1703908654e+03  -2.94e-07  9.25e-04    4.367669e+00   7.277164e+00

After 3 iterations the fit converged.
final sum of squares of residuals : 1170.39
rel. change during last iteration : -2.94263e-12

degrees of freedom    (FIT_NDF)                        : 205
rms of residuals      (FIT_STDFIT) = sqrt(WSSR/ndf)    : 2.3894
variance of residuals (reduced chisquare) = WSSR/ndf   : 5.70922

Final set of parameters            Asymptotic Standard Error
=======================            ==========================
a               = 4.36767          +/- 0.235        (5.381%)
b               = 7.27716          +/- 0.2787       (3.83%)

correlation matrix of the fit parameters:
                a      b      
a               1.000 
b              -0.708  1.000 


*******************************************************************************
Tue Oct 22 16:56:08 2024


FIT:    data read from 'test' u (log(1/$4)/log(10)):2
        format = x:z
        x range restricted to [0.00000 : 10.0000]
        #datapoints = 207
        residuals are weighted equally (unit weight)

function used for fitting: f(x)
	f(x)=a+b*x
fitted parameters initialized with current variable values

iter      chisq       delta/lim  lambda   a             b            
   0 1.4540748770e+04   0.00e+00  9.25e-01    1.000000e+00   1.000000e+00
   3 1.1703908654e+03  -2.94e-07  9.25e-04    4.367669e+00   7.277164e+00

After 3 iterations the fit converged.
final sum of squares of residuals : 1170.39
rel. change during last iteration : -2.94263e-12

degrees of freedom    (FIT_NDF)                        : 205
rms of residuals      (FIT_STDFIT) = sqrt(WSSR/ndf)    : 2.3894
variance of residuals (reduced chisquare) = WSSR/ndf   : 5.70922

Final set of parameters            Asymptotic Standard Error
=======================            ==========================
a               = 4.36767          +/- 0.235        (5.381%)
b               = 7.27716          +/- 0.2787       (3.83%)

correlation matrix of the fit parameters:
                a      b      
a               1.000 
b              -0.708  1.000 


*******************************************************************************
Tue Oct 22 16:56:25 2024


FIT:    data read from 'test' u (log(1/$4)/log(10)):2
        format = x:z
        x range restricted to [0.00000 : 10.0000]
        #datapoints = 207
        residuals are weighted equally (unit weight)

function used for fitting: f(x)
	f(x)=a+b*x
fitted parameters initialized with current variable values

iter      chisq       delta/lim  lambda   a             b            
   0 1.4540748770e+04   0.00e+00  9.25e-01    1.000000e+00   1.000000e+00
   3 1.1703908654e+03  -2.94e-07  9.25e-04    4.367669e+00   7.277164e+00

After 3 iterations the fit converged.
final sum of squares of residuals : 1170.39
rel. change during last iteration : -2.94263e-12

degrees of freedom    (FIT_NDF)                        : 205
rms of residuals      (FIT_STDFIT) = sqrt(WSSR/ndf)    : 2.3894
variance of residuals (reduced chisquare) = WSSR/ndf   : 5.70922

Final set of parameters            Asymptotic Standard Error
=======================            ==========================
a               = 4.36767          +/- 0.235        (5.381%)
b               = 7.27716          +/- 0.2787       (3.83%)

correlation matrix of the fit parameters:
                a      b      
a               1.000 
b              -0.708  1.000 


*******************************************************************************
Tue Oct 22 16:56:46 2024


FIT:    data read from 'test' u (log(1/$4)/log(10)):2
        format = x:z
        x range restricted to [0.00000 : 10.0000]
        #datapoints = 207
        residuals are weighted equally (unit weight)

function used for fitting: f(x)
	f(x,ab,p)=(log(ab)+(p**2-1)*x*log(10))/log(p*(p-1))
fitted parameters initialized with current variable values



*******************************************************************************
Tue Oct 22 16:58:43 2024


FIT:    data read from 'test' u (log(1/$4)/log(10)):2
        format = x:z
        x range restricted to [0.00000 : 10.0000]
        #datapoints = 207
        residuals are weighted equally (unit weight)

function used for fitting: f(x)
	f(x,ab,p)=(log(ab)+(p**2-1)*x*log(10))/log(p*(p-1))
fitted parameters initialized with current variable values



*******************************************************************************
Tue Oct 22 16:59:06 2024


FIT:    data read from 'test' u (log(1/$4)/log(10)):2
        format = x:z
        #datapoints = 207
        residuals are weighted equally (unit weight)

function used for fitting: f(x)
	f(x)=a+b*x
fitted parameters initialized with current variable values

iter      chisq       delta/lim  lambda   a             b            
   0 1.4540748770e+04   0.00e+00  9.25e-01    1.000000e+00   1.000000e+00
   3 1.1703908654e+03  -2.94e-07  9.25e-04    4.367669e+00   7.277164e+00

After 3 iterations the fit converged.
final sum of squares of residuals : 1170.39
rel. change during last iteration : -2.94263e-12

degrees of freedom    (FIT_NDF)                        : 205
rms of residuals      (FIT_STDFIT) = sqrt(WSSR/ndf)    : 2.3894
variance of residuals (reduced chisquare) = WSSR/ndf   : 5.70922

Final set of parameters            Asymptotic Standard Error
=======================            ==========================
a               = 4.36767          +/- 0.235        (5.381%)
b               = 7.27716          +/- 0.2787       (3.83%)

correlation matrix of the fit parameters:
                a      b      
a               1.000 
b              -0.708  1.000 


*******************************************************************************
Tue Oct 22 17:02:22 2024


FIT:    data read from 'test' u (log(1/$4)/log(10)):2
        format = x:z
        x range restricted to [0.00000 : 10.0000]
        #datapoints = 209
        residuals are weighted equally (unit weight)

function used for fitting: g(x)
	g(x)=a+b*x
fitted parameters initialized with current variable values

iter      chisq       delta/lim  lambda   a             b            
   0 1.5116680100e+04   0.00e+00  9.34e-01    1.000000e+00   1.000000e+00
   3 1.1717992843e+03  -2.71e-07  9.34e-04    4.356759e+00   7.308461e+00

After 3 iterations the fit converged.
final sum of squares of residuals : 1171.8
rel. change during last iteration : -2.7142e-12

degrees of freedom    (FIT_NDF)                        : 207
rms of residuals      (FIT_STDFIT) = sqrt(WSSR/ndf)    : 2.37926
variance of residuals (reduced chisquare) = WSSR/ndf   : 5.66087

Final set of parameters            Asymptotic Standard Error
=======================            ==========================
a               = 4.35676          +/- 0.233        (5.348%)
b               = 7.30846          +/- 0.2701       (3.696%)

correlation matrix of the fit parameters:
                a      b      
a               1.000 
b              -0.708  1.000 


*******************************************************************************
Tue Oct 22 17:04:02 2024


FIT:    data read from 'test' u (log(1/$4)/log(10)):2
        format = x:z
        x range restricted to [0.00000 : 10.0000]
        #datapoints = 209
        residuals are weighted equally (unit weight)

function used for fitting: g(x)
	g(x)=a+b*x
fitted parameters initialized with current variable values

iter      chisq       delta/lim  lambda   a             b            
   0 1.5116680100e+04   0.00e+00  9.34e-01    1.000000e+00   1.000000e+00
   3 1.1717992843e+03  -2.71e-07  9.34e-04    4.356759e+00   7.308461e+00

After 3 iterations the fit converged.
final sum of squares of residuals : 1171.8
rel. change during last iteration : -2.7142e-12

degrees of freedom    (FIT_NDF)                        : 207
rms of residuals      (FIT_STDFIT) = sqrt(WSSR/ndf)    : 2.37926
variance of residuals (reduced chisquare) = WSSR/ndf   : 5.66087

Final set of parameters            Asymptotic Standard Error
=======================            ==========================
a               = 4.35676          +/- 0.233        (5.348%)
b               = 7.30846          +/- 0.2701       (3.696%)

correlation matrix of the fit parameters:
                a      b      
a               1.000 
b              -0.708  1.000 


*******************************************************************************
Tue Oct 22 17:04:22 2024


FIT:    data read from 'test' u (log(1/$4)/log(10)):2
        format = x:z
        x range restricted to [0.00000 : 10.0000]
        #datapoints = 209
        residuals are weighted equally (unit weight)

function used for fitting: g(x)
	g(x)=a+b*x
fitted parameters initialized with current variable values

iter      chisq       delta/lim  lambda   a             b            
   0 1.5116680100e+04   0.00e+00  9.34e-01    1.000000e+00   1.000000e+00
   3 1.1717992843e+03  -2.71e-07  9.34e-04    4.356759e+00   7.308461e+00

After 3 iterations the fit converged.
final sum of squares of residuals : 1171.8
rel. change during last iteration : -2.7142e-12

degrees of freedom    (FIT_NDF)                        : 207
rms of residuals      (FIT_STDFIT) = sqrt(WSSR/ndf)    : 2.37926
variance of residuals (reduced chisquare) = WSSR/ndf   : 5.66087

Final set of parameters            Asymptotic Standard Error
=======================            ==========================
a               = 4.35676          +/- 0.233        (5.348%)
b               = 7.30846          +/- 0.2701       (3.696%)

correlation matrix of the fit parameters:
                a      b      
a               1.000 
b              -0.708  1.000 


*******************************************************************************
Tue Oct 22 17:04:32 2024


FIT:    data read from 'test' u (log(1/$4)/log(10)):2
        format = x:z
        x range restricted to [0.00000 : 10.0000]
        #datapoints = 209
        residuals are weighted equally (unit weight)

function used for fitting: g(x)
	g(x)=a+b*x
fitted parameters initialized with current variable values

iter      chisq       delta/lim  lambda   a             b            
   0 1.5116680100e+04   0.00e+00  9.34e-01    1.000000e+00   1.000000e+00
   3 1.1717992843e+03  -2.71e-07  9.34e-04    4.356759e+00   7.308461e+00

After 3 iterations the fit converged.
final sum of squares of residuals : 1171.8
rel. change during last iteration : -2.7142e-12

degrees of freedom    (FIT_NDF)                        : 207
rms of residuals      (FIT_STDFIT) = sqrt(WSSR/ndf)    : 2.37926
variance of residuals (reduced chisquare) = WSSR/ndf   : 5.66087

Final set of parameters            Asymptotic Standard Error
=======================            ==========================
a               = 4.35676          +/- 0.233        (5.348%)
b               = 7.30846          +/- 0.2701       (3.696%)

correlation matrix of the fit parameters:
                a      b      
a               1.000 
b              -0.708  1.000 


*******************************************************************************
Tue Oct 22 17:04:47 2024


FIT:    data read from 'test' u (log(1/$4)/log(10)):2
        format = x:z
        x range restricted to [0.00000 : 10.0000]
        #datapoints = 211
        residuals are weighted equally (unit weight)

function used for fitting: g(x)
	g(x)=a+b*x
fitted parameters initialized with current variable values

iter      chisq       delta/lim  lambda   a             b            
   0 1.5691880678e+04   0.00e+00  9.42e-01    1.000000e+00   1.000000e+00
   3 1.1728645852e+03  -2.51e-07  9.42e-04    4.348001e+00   7.333507e+00

After 3 iterations the fit converged.
final sum of squares of residuals : 1172.86
rel. change during last iteration : -2.51206e-12

degrees of freedom    (FIT_NDF)                        : 209
rms of residuals      (FIT_STDFIT) = sqrt(WSSR/ndf)    : 2.36892
variance of residuals (reduced chisquare) = WSSR/ndf   : 5.61179

Final set of parameters            Asymptotic Standard Error
=======================            ==========================
a               = 4.348            +/- 0.231        (5.313%)
b               = 7.33351          +/- 0.2622       (3.575%)

correlation matrix of the fit parameters:
                a      b      
a               1.000 
b              -0.708  1.000 


*******************************************************************************
Tue Oct 22 17:06:23 2024


FIT:    data read from 'test' u (log(1/$4)/log(10)):2
        format = x:z
        x range restricted to [0.00000 : 10.0000]
        #datapoints = 211
        residuals are weighted equally (unit weight)

function used for fitting: g(x)
	g(x)=a+b*x
fitted parameters initialized with current variable values

iter      chisq       delta/lim  lambda   a             b            
   0 1.5691880678e+04   0.00e+00  9.42e-01    1.000000e+00   1.000000e+00
   3 1.1728645852e+03  -2.51e-07  9.42e-04    4.348001e+00   7.333507e+00

After 3 iterations the fit converged.
final sum of squares of residuals : 1172.86
rel. change during last iteration : -2.51206e-12

degrees of freedom    (FIT_NDF)                        : 209
rms of residuals      (FIT_STDFIT) = sqrt(WSSR/ndf)    : 2.36892
variance of residuals (reduced chisquare) = WSSR/ndf   : 5.61179

Final set of parameters            Asymptotic Standard Error
=======================            ==========================
a               = 4.348            +/- 0.231        (5.313%)
b               = 7.33351          +/- 0.2622       (3.575%)

correlation matrix of the fit parameters:
                a      b      
a               1.000 
b              -0.708  1.000 


*******************************************************************************
Tue Oct 22 17:11:23 2024


FIT:    data read from 'test' u (log(1/$4)/log(10)):2
        format = x:z
        x range restricted to [0.00000 : 10.0000]
        #datapoints = 212
        residuals are weighted equally (unit weight)

function used for fitting: g(x)
	g(x)=a+b*x
fitted parameters initialized with current variable values

iter      chisq       delta/lim  lambda   a             b            
   0 1.5978504628e+04   0.00e+00  9.47e-01    1.000000e+00   1.000000e+00
   3 1.1730802859e+03  -2.41e-07  9.47e-04    4.345112e+00   7.341613e+00

After 3 iterations the fit converged.
final sum of squares of residuals : 1173.08
rel. change during last iteration : -2.41197e-12

degrees of freedom    (FIT_NDF)                        : 210
rms of residuals      (FIT_STDFIT) = sqrt(WSSR/ndf)    : 2.36349
variance of residuals (reduced chisquare) = WSSR/ndf   : 5.5861

Final set of parameters            Asymptotic Standard Error
=======================            ==========================
a               = 4.34511          +/- 0.23         (5.294%)
b               = 7.34161          +/- 0.2583       (3.519%)

correlation matrix of the fit parameters:
                a      b      
a               1.000 
b              -0.708  1.000 


*******************************************************************************
Tue Oct 22 17:17:51 2024


FIT:    data read from 'test' u (log(1/$4)/log(10)):2
        format = x:z
        x range restricted to [0.00000 : 10.0000]
        #datapoints = 214
        residuals are weighted equally (unit weight)

function used for fitting: g(x)
	g(x)=a+b*x
fitted parameters initialized with current variable values

iter      chisq       delta/lim  lambda   a             b            
   0 1.6487849402e+04   0.00e+00  9.55e-01    1.000000e+00   1.000000e+00
   3 1.1741709654e+03  -2.18e-07  9.55e-04    4.350793e+00   7.325039e+00

After 3 iterations the fit converged.
final sum of squares of residuals : 1174.17
rel. change during last iteration : -2.18162e-12

degrees of freedom    (FIT_NDF)                        : 212
rms of residuals      (FIT_STDFIT) = sqrt(WSSR/ndf)    : 2.35341
variance of residuals (reduced chisquare) = WSSR/ndf   : 5.53854

Final set of parameters            Asymptotic Standard Error
=======================            ==========================
a               = 4.35079          +/- 0.2282       (5.244%)
b               = 7.32504          +/- 0.2511       (3.429%)

correlation matrix of the fit parameters:
                a      b      
a               1.000 
b              -0.709  1.000 


*******************************************************************************
Tue Oct 22 17:33:30 2024


FIT:    data read from 'test' u (log(1/$4)/log(10)):2
        format = x:z
        x range restricted to [0.00000 : 10.0000]
        #datapoints = 215
        residuals are weighted equally (unit weight)

function used for fitting: g(x)
	g(x)=a+b*x
fitted parameters initialized with current variable values

iter      chisq       delta/lim  lambda   a             b            
   0 1.6770278578e+04   0.00e+00  9.60e-01    1.000000e+00   1.000000e+00
   3 1.1743456905e+03  -2.06e-07  9.60e-04    4.353550e+00   7.317776e+00

After 3 iterations the fit converged.
final sum of squares of residuals : 1174.35
rel. change during last iteration : -2.06338e-12

degrees of freedom    (FIT_NDF)                        : 213
rms of residuals      (FIT_STDFIT) = sqrt(WSSR/ndf)    : 2.34805
variance of residuals (reduced chisquare) = WSSR/ndf   : 5.51336

Final set of parameters            Asymptotic Standard Error
=======================            ==========================
a               = 4.35355          +/- 0.2271       (5.217%)
b               = 7.31778          +/- 0.2472       (3.378%)

correlation matrix of the fit parameters:
                a      b      
a               1.000 
b              -0.709  1.000 


*******************************************************************************
Tue Oct 22 17:44:32 2024


FIT:    data read from 'test' u (log(1/$4)/log(10)):2
        format = x:z
        x range restricted to [0.00000 : 10.0000]
        #datapoints = 215
        residuals are weighted equally (unit weight)

function used for fitting: g(x)
	g(x)=a+b*x
fitted parameters initialized with current variable values

iter      chisq       delta/lim  lambda   a             b            
   0 1.6770278578e+04   0.00e+00  9.60e-01    1.000000e+00   1.000000e+00
   3 1.1743456905e+03  -2.06e-07  9.60e-04    4.353550e+00   7.317776e+00

After 3 iterations the fit converged.
final sum of squares of residuals : 1174.35
rel. change during last iteration : -2.06338e-12

degrees of freedom    (FIT_NDF)                        : 213
rms of residuals      (FIT_STDFIT) = sqrt(WSSR/ndf)    : 2.34805
variance of residuals (reduced chisquare) = WSSR/ndf   : 5.51336

Final set of parameters            Asymptotic Standard Error
=======================            ==========================
a               = 4.35355          +/- 0.2271       (5.217%)
b               = 7.31778          +/- 0.2472       (3.378%)

correlation matrix of the fit parameters:
                a      b      
a               1.000 
b              -0.709  1.000 


*******************************************************************************
Tue Oct 22 17:44:54 2024


FIT:    data read from 'test' u (log(1/$4)/log(10)):2
        format = x:z
        x range restricted to [0.00000 : 10.0000]
        #datapoints = 215
        residuals are weighted equally (unit weight)

function used for fitting: g(x)
	g(x)=a+b*x
fitted parameters initialized with current variable values

iter      chisq       delta/lim  lambda   a             b            
   0 1.6770278578e+04   0.00e+00  9.60e-01    1.000000e+00   1.000000e+00
   3 1.1743456905e+03  -2.06e-07  9.60e-04    4.353550e+00   7.317776e+00

After 3 iterations the fit converged.
final sum of squares of residuals : 1174.35
rel. change during last iteration : -2.06338e-12

degrees of freedom    (FIT_NDF)                        : 213
rms of residuals      (FIT_STDFIT) = sqrt(WSSR/ndf)    : 2.34805
variance of residuals (reduced chisquare) = WSSR/ndf   : 5.51336

Final set of parameters            Asymptotic Standard Error
=======================            ==========================
a               = 4.35355          +/- 0.2271       (5.217%)
b               = 7.31778          +/- 0.2472       (3.378%)

correlation matrix of the fit parameters:
                a      b      
a               1.000 
b              -0.709  1.000 


*******************************************************************************
Tue Oct 22 18:02:04 2024


FIT:    data read from 'test' u (log(1/$4)/log(10)):2
        format = x:z
        x range restricted to [0.00000 : 10.0000]
        #datapoints = 215
        residuals are weighted equally (unit weight)

function used for fitting: g(x)
	g(x)=a+b*x
fitted parameters initialized with current variable values

iter      chisq       delta/lim  lambda   a             b            
   0 1.6770278578e+04   0.00e+00  9.60e-01    1.000000e+00   1.000000e+00
   3 1.1743456905e+03  -2.06e-07  9.60e-04    4.353550e+00   7.317776e+00

After 3 iterations the fit converged.
final sum of squares of residuals : 1174.35
rel. change during last iteration : -2.06338e-12

degrees of freedom    (FIT_NDF)                        : 213
rms of residuals      (FIT_STDFIT) = sqrt(WSSR/ndf)    : 2.34805
variance of residuals (reduced chisquare) = WSSR/ndf   : 5.51336

Final set of parameters            Asymptotic Standard Error
=======================            ==========================
a               = 4.35355          +/- 0.2271       (5.217%)
b               = 7.31778          +/- 0.2472       (3.378%)

correlation matrix of the fit parameters:
                a      b      
a               1.000 
b              -0.709  1.000 


*******************************************************************************
Tue Oct 22 18:26:31 2024


FIT:    data read from 'test' u (log(1/$4)/log(10)):2
        format = x:z
        x range restricted to [0.00000 : 10.0000]
        #datapoints = 215
        residuals are weighted equally (unit weight)

function used for fitting: g(x)
	g(x)=a+b*x
fitted parameters initialized with current variable values

iter      chisq       delta/lim  lambda   a             b            
   0 1.6770278578e+04   0.00e+00  9.60e-01    1.000000e+00   1.000000e+00
   3 1.1743456905e+03  -2.06e-07  9.60e-04    4.353550e+00   7.317776e+00

After 3 iterations the fit converged.
final sum of squares of residuals : 1174.35
rel. change during last iteration : -2.06338e-12

degrees of freedom    (FIT_NDF)                        : 213
rms of residuals      (FIT_STDFIT) = sqrt(WSSR/ndf)    : 2.34805
variance of residuals (reduced chisquare) = WSSR/ndf   : 5.51336

Final set of parameters            Asymptotic Standard Error
=======================            ==========================
a               = 4.35355          +/- 0.2271       (5.217%)
b               = 7.31778          +/- 0.2472       (3.378%)

correlation matrix of the fit parameters:
                a      b      
a               1.000 
b              -0.709  1.000 


*******************************************************************************
Tue Oct 22 22:35:41 2024


FIT:    data read from 'test' u (log(1/$4)/log(10)):2
        format = x:z
        x range restricted to [0.00000 : 10.0000]
        #datapoints = 215
        residuals are weighted equally (unit weight)

function used for fitting: g(x)
	g(x)=a+b*x
fitted parameters initialized with current variable values

iter      chisq       delta/lim  lambda   a             b            
   0 1.6770278578e+04   0.00e+00  9.60e-01    1.000000e+00   1.000000e+00
   3 1.1743456905e+03  -2.06e-07  9.60e-04    4.353550e+00   7.317776e+00

After 3 iterations the fit converged.
final sum of squares of residuals : 1174.35
rel. change during last iteration : -2.06338e-12

degrees of freedom    (FIT_NDF)                        : 213
rms of residuals      (FIT_STDFIT) = sqrt(WSSR/ndf)    : 2.34805
variance of residuals (reduced chisquare) = WSSR/ndf   : 5.51336

Final set of parameters            Asymptotic Standard Error
=======================            ==========================
a               = 4.35355          +/- 0.2271       (5.217%)
b               = 7.31778          +/- 0.2472       (3.378%)

correlation matrix of the fit parameters:
                a      b      
a               1.000 
b              -0.709  1.000 


*******************************************************************************
Wed Oct 23 01:56:25 2024


FIT:    data read from 'test' u (log(1/$4)/log(10)):2
        format = x:z
        x range restricted to [0.00000 : 10.0000]
        #datapoints = 250
        residuals are weighted equally (unit weight)

function used for fitting: g(x)
	g(x)=a+b*x
fitted parameters initialized with current variable values

iter      chisq       delta/lim  lambda   a             b            
   0 1.9269548125e+04   0.00e+00  9.56e-01    1.000000e+00   1.000000e+00
   3 1.3805021122e+03  -1.22e-07  9.56e-04    4.280494e+00   7.382636e+00

After 3 iterations the fit converged.
final sum of squares of residuals : 1380.5
rel. change during last iteration : -1.22424e-12

degrees of freedom    (FIT_NDF)                        : 248
rms of residuals      (FIT_STDFIT) = sqrt(WSSR/ndf)    : 2.35935
variance of residuals (reduced chisquare) = WSSR/ndf   : 5.56654

Final set of parameters            Asymptotic Standard Error
=======================            ==========================
a               = 4.28049          +/- 0.2112       (4.935%)
b               = 7.38264          +/- 0.2319       (3.141%)

correlation matrix of the fit parameters:
                a      b      
a               1.000 
b              -0.708  1.000 


*******************************************************************************
Wed Oct 23 01:57:25 2024


FIT:    data read from 'test' u (log(1/$4)/log(10)):2
        format = x:z
        x range restricted to [0.00000 : 10.0000]
        #datapoints = 167
        residuals are weighted equally (unit weight)

function used for fitting: g(x)
	g(x)=a+b*x
fitted parameters initialized with current variable values

iter      chisq       delta/lim  lambda   a             b            
   0 9.6067583277e+03   0.00e+00  9.09e-01    1.000000e+00   1.000000e+00
   3 1.7796004596e+02  -1.96e-05  9.09e-04    2.784454e+00   8.505193e+00

After 3 iterations the fit converged.
final sum of squares of residuals : 177.96
rel. change during last iteration : -1.96374e-10

degrees of freedom    (FIT_NDF)                        : 165
rms of residuals      (FIT_STDFIT) = sqrt(WSSR/ndf)    : 1.03853
variance of residuals (reduced chisquare) = WSSR/ndf   : 1.07855

Final set of parameters            Asymptotic Standard Error
=======================            ==========================
a               = 2.78445          +/- 0.124        (4.452%)
b               = 8.50519          +/- 0.1534       (1.803%)

correlation matrix of the fit parameters:
                a      b      
a               1.000 
b              -0.761  1.000 


*******************************************************************************
Wed Oct 23 02:00:33 2024


FIT:    data read from 'test' u (log(1/$4)/log(10)):2
        format = x:z
        x range restricted to [0.00000 : 10.0000]
        #datapoints = 172
        residuals are weighted equally (unit weight)

function used for fitting: g(x)
	g(x)=a+b*x
fitted parameters initialized with current variable values

iter      chisq       delta/lim  lambda   a             b            
   0 1.0328638886e+04   0.00e+00  9.09e-01    1.000000e+00   1.000000e+00
   3 4.0387788899e+02  -6.94e-06  9.09e-04    3.073576e+00   8.304661e+00

After 3 iterations the fit converged.
final sum of squares of residuals : 403.878
rel. change during last iteration : -6.93826e-11

degrees of freedom    (FIT_NDF)                        : 170
rms of residuals      (FIT_STDFIT) = sqrt(WSSR/ndf)    : 1.54135
variance of residuals (reduced chisquare) = WSSR/ndf   : 2.37575

Final set of parameters            Asymptotic Standard Error
=======================            ==========================
a               = 3.07358          +/- 0.1814       (5.902%)
b               = 8.30466          +/- 0.2247       (2.706%)

correlation matrix of the fit parameters:
                a      b      
a               1.000 
b              -0.762  1.000 


*******************************************************************************
Tue Oct 29 10:56:54 2024


FIT:    data read from 'test' u (log(1/$4)/log(10)):2
        format = x:z
        x range restricted to [0.00000 : 10.0000]
        #datapoints = 102
        residuals are weighted equally (unit weight)

function used for fitting: g(x)
	g(x)=a+b*x
fitted parameters initialized with current variable values

iter      chisq       delta/lim  lambda   a             b            
   0 1.7573675947e+03   0.00e+00  7.15e-01    1.000000e+00   1.000000e+00
   3 8.2326534615e+02  -1.40e-03  7.15e-04    3.737500e+00   6.292897e+00

After 3 iterations the fit converged.
final sum of squares of residuals : 823.265
rel. change during last iteration : -1.4043e-08

degrees of freedom    (FIT_NDF)                        : 100
rms of residuals      (FIT_STDFIT) = sqrt(WSSR/ndf)    : 2.86926
variance of residuals (reduced chisquare) = WSSR/ndf   : 8.23265

Final set of parameters            Asymptotic Standard Error
=======================            ==========================
a               = 3.7375           +/- 0.2923       (7.821%)
b               = 6.2929           +/- 1.941        (30.84%)

correlation matrix of the fit parameters:
                a      b      
a               1.000 
b              -0.236  1.000 


*******************************************************************************
Tue Oct 29 10:57:03 2024


FIT:    data read from 'test' u (log(1/$4)/log(10)):2
        format = x:z
        x range restricted to [0.00000 : 10.0000]
        #datapoints = 102
        residuals are weighted equally (unit weight)

function used for fitting: g(x)
	g(x)=a+b*x
fitted parameters initialized with current variable values

iter      chisq       delta/lim  lambda   a             b            
   0 1.7573675947e+03   0.00e+00  7.15e-01    1.000000e+00   1.000000e+00
   3 8.2326534615e+02  -1.40e-03  7.15e-04    3.737500e+00   6.292897e+00

After 3 iterations the fit converged.
final sum of squares of residuals : 823.265
rel. change during last iteration : -1.4043e-08

degrees of freedom    (FIT_NDF)                        : 100
rms of residuals      (FIT_STDFIT) = sqrt(WSSR/ndf)    : 2.86926
variance of residuals (reduced chisquare) = WSSR/ndf   : 8.23265

Final set of parameters            Asymptotic Standard Error
=======================            ==========================
a               = 3.7375           +/- 0.2923       (7.821%)
b               = 6.2929           +/- 1.941        (30.84%)

correlation matrix of the fit parameters:
                a      b      
a               1.000 
b              -0.236  1.000 


*******************************************************************************
Tue Oct 29 12:12:45 2024


FIT:    data read from 'test' u (log(1/$4)/log(10)):2
        format = x:z
        x range restricted to [0.00000 : 10.0000]
        #datapoints = 196
        residuals are weighted equally (unit weight)

function used for fitting: g(x)
	g(x)=a+b*x
fitted parameters initialized with current variable values

iter      chisq       delta/lim  lambda   a             b            
   0 1.0347243145e+04   0.00e+00  8.73e-01    1.000000e+00   1.000000e+00
   3 8.6120872385e+02  -1.10e-06  8.73e-04    3.724415e+00   7.558436e+00

After 3 iterations the fit converged.
final sum of squares of residuals : 861.209
rel. change during last iteration : -1.10037e-11

degrees of freedom    (FIT_NDF)                        : 194
rms of residuals      (FIT_STDFIT) = sqrt(WSSR/ndf)    : 2.10695
variance of residuals (reduced chisquare) = WSSR/ndf   : 4.43922

Final set of parameters            Asymptotic Standard Error
=======================            ==========================
a               = 3.72441          +/- 0.2136       (5.736%)
b               = 7.55844          +/- 0.2947       (3.9%)

correlation matrix of the fit parameters:
                a      b      
a               1.000 
b              -0.710  1.000 


*******************************************************************************
Tue Oct 29 12:17:15 2024


FIT:    data read from 'test' u (log(1/$4)/log(10)):2
        format = x:z
        x range restricted to [0.00000 : 10.0000]
        #datapoints = 230
        residuals are weighted equally (unit weight)

function used for fitting: g(x)
	g(x)=a+b*x
fitted parameters initialized with current variable values

iter      chisq       delta/lim  lambda   a             b            
   0 1.3423900711e+04   0.00e+00  8.96e-01    1.000000e+00   1.000000e+00
   3 8.7153638309e+02  -9.05e-07  8.96e-04    3.724089e+00   7.553787e+00

After 3 iterations the fit converged.
final sum of squares of residuals : 871.536
rel. change during last iteration : -9.04513e-12

degrees of freedom    (FIT_NDF)                        : 228
rms of residuals      (FIT_STDFIT) = sqrt(WSSR/ndf)    : 1.95513
variance of residuals (reduced chisquare) = WSSR/ndf   : 3.82253

Final set of parameters            Asymptotic Standard Error
=======================            ==========================
a               = 3.72409          +/- 0.1982       (5.322%)
b               = 7.55379          +/- 0.2546       (3.37%)

correlation matrix of the fit parameters:
                a      b      
a               1.000 
b              -0.760  1.000 


*******************************************************************************
Tue Oct 29 12:28:02 2024


FIT:    data read from 'test' u (log(1/$4)/log(10)):2
        format = x:z
        x range restricted to [0.00000 : 10.0000]
        #datapoints = 236
        residuals are weighted equally (unit weight)

function used for fitting: g(x)
	g(x)=a+b*x
fitted parameters initialized with current variable values

iter      chisq       delta/lim  lambda   a             b            
   0 1.5117012263e+04   0.00e+00  9.21e-01    1.000000e+00   1.000000e+00
   3 8.7466969795e+02  -6.70e-07  9.21e-04    3.689280e+00   7.637833e+00

After 3 iterations the fit converged.
final sum of squares of residuals : 874.67
rel. change during last iteration : -6.7046e-12

degrees of freedom    (FIT_NDF)                        : 234
rms of residuals      (FIT_STDFIT) = sqrt(WSSR/ndf)    : 1.93337
variance of residuals (reduced chisquare) = WSSR/ndf   : 3.7379

Final set of parameters            Asymptotic Standard Error
=======================            ==========================
a               = 3.68928          +/- 0.1912       (5.181%)
b               = 7.63783          +/- 0.2291       (2.999%)

correlation matrix of the fit parameters:
                a      b      
a               1.000 
b              -0.753  1.000 


*******************************************************************************
Tue Oct 29 12:31:43 2024


FIT:    data read from 'test' u (log(1/$4)/log(10)):2
        format = x:z
        x range restricted to [0.00000 : 10.0000]
        #datapoints = 241
        residuals are weighted equally (unit weight)

function used for fitting: g(x)
	g(x)=a+b*x
fitted parameters initialized with current variable values

iter      chisq       delta/lim  lambda   a             b            
   0 1.6489799531e+04   0.00e+00  9.40e-01    1.000000e+00   1.000000e+00
   3 8.7569254805e+02  -5.50e-07  9.40e-04    3.676542e+00   7.668401e+00

After 3 iterations the fit converged.
final sum of squares of residuals : 875.693
rel. change during last iteration : -5.50069e-12

degrees of freedom    (FIT_NDF)                        : 239
rms of residuals      (FIT_STDFIT) = sqrt(WSSR/ndf)    : 1.91415
variance of residuals (reduced chisquare) = WSSR/ndf   : 3.66399

Final set of parameters            Asymptotic Standard Error
=======================            ==========================
a               = 3.67654          +/- 0.1864       (5.071%)
b               = 7.6684           +/- 0.2127       (2.774%)

correlation matrix of the fit parameters:
                a      b      
a               1.000 
b              -0.750  1.000 


*******************************************************************************
Tue Oct 29 12:37:45 2024


FIT:    data read from 'test' u (log(1/$4)/log(10)):2
        format = x:z
        x range restricted to [0.00000 : 10.0000]
BREAK: No data to fit

*******************************************************************************
Tue Oct 29 12:38:34 2024


FIT:    data read from 'test' u (log(1/$4)/log(10)):2
        format = x:z
        x range restricted to [0.00000 : 10.0000]
BREAK: No data to fit

*******************************************************************************
Tue Oct 29 12:38:54 2024


FIT:    data read from 'sde_results' u (log(1/$4)/log(10)):2
        format = x:z
        x range restricted to [0.00000 : 10.0000]
        #datapoints = 245
        residuals are weighted equally (unit weight)

function used for fitting: g(x)
	g(x)=a+b*x
fitted parameters initialized with current variable values

iter      chisq       delta/lim  lambda   a             b            
   0 1.7577916213e+04   0.00e+00  9.55e-01    1.000000e+00   1.000000e+00
   3 8.7854398585e+02  -4.82e-07  9.55e-04    3.669709e+00   7.684797e+00

After 3 iterations the fit converged.
final sum of squares of residuals : 878.544
rel. change during last iteration : -4.8243e-12

degrees of freedom    (FIT_NDF)                        : 243
rms of residuals      (FIT_STDFIT) = sqrt(WSSR/ndf)    : 1.90142
variance of residuals (reduced chisquare) = WSSR/ndf   : 3.61541

Final set of parameters            Asymptotic Standard Error
=======================            ==========================
a               = 3.66971          +/- 0.1835       (5%)
b               = 7.6848           +/- 0.2023       (2.632%)

correlation matrix of the fit parameters:
                a      b      
a               1.000 
b              -0.749  1.000 


*******************************************************************************
Tue Oct 29 13:10:20 2024


FIT:    data read from 'sde_results' u (log(1/$4)/log(10)):2
        format = x:z
        x range restricted to [0.00000 : 10.0000]
        #datapoints = 260
        residuals are weighted equally (unit weight)

function used for fitting: g(x)
	g(x)=a+b*x
fitted parameters initialized with current variable values

iter      chisq       delta/lim  lambda   a             b            
   0 2.1755716256e+04   0.00e+00  1.00e+00    1.000000e+00   1.000000e+00
   3 8.8573348350e+02  -3.37e-07  1.00e-03    3.652937e+00   7.726040e+00

After 3 iterations the fit converged.
final sum of squares of residuals : 885.733
rel. change during last iteration : -3.36799e-12

degrees of freedom    (FIT_NDF)                        : 258
rms of residuals      (FIT_STDFIT) = sqrt(WSSR/ndf)    : 1.85286
variance of residuals (reduced chisquare) = WSSR/ndf   : 3.43308

Final set of parameters            Asymptotic Standard Error
=======================            ==========================
a               = 3.65294          +/- 0.1743       (4.771%)
b               = 7.72604          +/- 0.1726       (2.234%)

correlation matrix of the fit parameters:
                a      b      
a               1.000 
b              -0.752  1.000 


*******************************************************************************
Thu Oct 31 10:15:54 2024


FIT:    data read from 'sde_results' u (log(1/$4)/log(10)):2
        format = x:z
        x range restricted to [0.00000 : 10.0000]
        #datapoints = 358
        residuals are weighted equally (unit weight)

function used for fitting: g(x)
	g(x)=a+b*x
fitted parameters initialized with current variable values

iter      chisq       delta/lim  lambda   a             b            
   0 5.0113205520e+04   0.00e+00  1.20e+00    1.000000e+00   1.000000e+00
   3 9.3408441830e+02  -2.07e-07  1.20e-03    3.566299e+00   7.943754e+00

After 3 iterations the fit converged.
final sum of squares of residuals : 934.084
rel. change during last iteration : -2.06736e-12

degrees of freedom    (FIT_NDF)                        : 356
rms of residuals      (FIT_STDFIT) = sqrt(WSSR/ndf)    : 1.61982
variance of residuals (reduced chisquare) = WSSR/ndf   : 2.62383

Final set of parameters            Asymptotic Standard Error
=======================            ==========================
a               = 3.5663           +/- 0.1456       (4.084%)
b               = 7.94375          +/- 0.1059       (1.334%)

correlation matrix of the fit parameters:
                a      b      
a               1.000 
b              -0.809  1.000 


*******************************************************************************
Thu Oct 31 13:15:53 2024


FIT:    data read from 'sde_results' u (log(1/$4)/log(10)):2
        format = x:z
        x range restricted to [0.00000 : 10.0000]
        #datapoints = 358
        residuals are weighted equally (unit weight)

function used for fitting: g(x)
	g(x)=a+b*x
fitted parameters initialized with current variable values

iter      chisq       delta/lim  lambda   a             b            
   0 5.0113205520e+04   0.00e+00  1.20e+00    1.000000e+00   1.000000e+00
   3 9.3408441830e+02  -2.07e-07  1.20e-03    3.566299e+00   7.943754e+00

After 3 iterations the fit converged.
final sum of squares of residuals : 934.084
rel. change during last iteration : -2.06736e-12

degrees of freedom    (FIT_NDF)                        : 356
rms of residuals      (FIT_STDFIT) = sqrt(WSSR/ndf)    : 1.61982
variance of residuals (reduced chisquare) = WSSR/ndf   : 2.62383

Final set of parameters            Asymptotic Standard Error
=======================            ==========================
a               = 3.5663           +/- 0.1456       (4.084%)
b               = 7.94375          +/- 0.1059       (1.334%)

correlation matrix of the fit parameters:
                a      b      
a               1.000 
b              -0.809  1.000 


*******************************************************************************
Fri Nov  1 08:41:52 2024


FIT:    data read from 'sde_results' u (log(1/$4)/log(10)):2
        format = x:z
        x range restricted to [0.00000 : 10.0000]
        #datapoints = 360
        residuals are weighted equally (unit weight)

function used for fitting: g(x)
	g(x)=a+b*x
fitted parameters initialized with current variable values

iter      chisq       delta/lim  lambda   a             b            
   0 5.1258626754e+04   0.00e+00  1.21e+00    1.000000e+00   1.000000e+00
   3 9.3458314479e+02  -1.97e-07  1.21e-03    3.565877e+00   7.944410e+00

After 3 iterations the fit converged.
final sum of squares of residuals : 934.583
rel. change during last iteration : -1.97453e-12

degrees of freedom    (FIT_NDF)                        : 358
rms of residuals      (FIT_STDFIT) = sqrt(WSSR/ndf)    : 1.61573
variance of residuals (reduced chisquare) = WSSR/ndf   : 2.61057

Final set of parameters            Asymptotic Standard Error
=======================            ==========================
a               = 3.56588          +/- 0.1445       (4.053%)
b               = 7.94441          +/- 0.104        (1.309%)

correlation matrix of the fit parameters:
                a      b      
a               1.000 
b              -0.808  1.000 


*******************************************************************************
Sun Nov  3 14:43:58 2024


FIT:    data read from 'sde_results' u (log(1/$4)/log(10)):2
        format = x:z
        x range restricted to [0.00000 : 10.0000]
        #datapoints = 364
        residuals are weighted equally (unit weight)

function used for fitting: g(x)
	g(x)=a+b*x
fitted parameters initialized with current variable values

iter      chisq       delta/lim  lambda   a             b            
   0 5.3552727504e+04   0.00e+00  1.23e+00    1.000000e+00   1.000000e+00
   3 9.3504412828e+02  -1.83e-07  1.23e-03    3.561657e+00   7.949928e+00

After 3 iterations the fit converged.
final sum of squares of residuals : 935.044
rel. change during last iteration : -1.82924e-12

degrees of freedom    (FIT_NDF)                        : 362
rms of residuals      (FIT_STDFIT) = sqrt(WSSR/ndf)    : 1.60717
variance of residuals (reduced chisquare) = WSSR/ndf   : 2.58299

Final set of parameters            Asymptotic Standard Error
=======================            ==========================
a               = 3.56166          +/- 0.1425       (4.001%)
b               = 7.94993          +/- 0.1004       (1.263%)

correlation matrix of the fit parameters:
                a      b      
a               1.000 
b              -0.807  1.000 


*******************************************************************************
Sun Nov  3 15:00:41 2024


FIT:    data read from 'sde_results' u (log(1/$4)/log(10)):2
        format = x:z
        x range restricted to [0.00000 : 10.0000]
        #datapoints = 364
        residuals are weighted equally (unit weight)

function used for fitting: g(x)
	g(x)=a+b*x
fitted parameters initialized with current variable values

iter      chisq       delta/lim  lambda   a             b            
   0 5.3552727504e+04   0.00e+00  1.23e+00    1.000000e+00   1.000000e+00
   3 9.3504412828e+02  -1.83e-07  1.23e-03    3.561657e+00   7.949928e+00

After 3 iterations the fit converged.
final sum of squares of residuals : 935.044
rel. change during last iteration : -1.82924e-12

degrees of freedom    (FIT_NDF)                        : 362
rms of residuals      (FIT_STDFIT) = sqrt(WSSR/ndf)    : 1.60717
variance of residuals (reduced chisquare) = WSSR/ndf   : 2.58299

Final set of parameters            Asymptotic Standard Error
=======================            ==========================
a               = 3.56166          +/- 0.1425       (4.001%)
b               = 7.94993          +/- 0.1004       (1.263%)

correlation matrix of the fit parameters:
                a      b      
a               1.000 
b              -0.807  1.000 


*******************************************************************************
Mon Nov  4 10:31:12 2024


FIT:    data read from 'sde_results' u (log(1/$4)/log(10)):2
        format = x:z
        x range restricted to [0.00000 : 10.0000]
        #datapoints = 365
        residuals are weighted equally (unit weight)

function used for fitting: g(x)
	g(x)=a+b*x
fitted parameters initialized with current variable values

iter      chisq       delta/lim  lambda   a             b            
   0 5.4120938857e+04   0.00e+00  1.23e+00    1.000000e+00   1.000000e+00
   3 9.3553317985e+02  -1.77e-07  1.23e-03    3.566002e+00   7.944468e+00

After 3 iterations the fit converged.
final sum of squares of residuals : 935.533
rel. change during last iteration : -1.77226e-12

degrees of freedom    (FIT_NDF)                        : 363
rms of residuals      (FIT_STDFIT) = sqrt(WSSR/ndf)    : 1.60537
variance of residuals (reduced chisquare) = WSSR/ndf   : 2.57723

Final set of parameters            Asymptotic Standard Error
=======================            ==========================
a               = 3.566            +/- 0.142        (3.981%)
b               = 7.94447          +/- 0.09952      (1.253%)

correlation matrix of the fit parameters:
                a      b      
a               1.000 
b              -0.806  1.000 


*******************************************************************************
Tue Nov  5 13:27:04 2024


FIT:    data read from 'sde_results' u (log(1/$4)/log(10)):2
        format = x:z
        x range restricted to [0.00000 : 10.0000]
        #datapoints = 365
        residuals are weighted equally (unit weight)

function used for fitting: g(x)
	g(x)=a+b*x
fitted parameters initialized with current variable values

iter      chisq       delta/lim  lambda   a             b            
   0 5.4120938857e+04   0.00e+00  1.23e+00    1.000000e+00   1.000000e+00
   3 9.3553317985e+02  -1.77e-07  1.23e-03    3.566002e+00   7.944468e+00

After 3 iterations the fit converged.
final sum of squares of residuals : 935.533
rel. change during last iteration : -1.77226e-12

degrees of freedom    (FIT_NDF)                        : 363
rms of residuals      (FIT_STDFIT) = sqrt(WSSR/ndf)    : 1.60537
variance of residuals (reduced chisquare) = WSSR/ndf   : 2.57723

Final set of parameters            Asymptotic Standard Error
=======================            ==========================
a               = 3.566            +/- 0.142        (3.981%)
b               = 7.94447          +/- 0.09952      (1.253%)

correlation matrix of the fit parameters:
                a      b      
a               1.000 
b              -0.806  1.000 


*******************************************************************************
Wed Nov  6 15:48:55 2024


FIT:    data read from 'sde_results' u (log(1/$4)/log(10)):2
        format = x:z
        x range restricted to [0.00000 : 10.0000]
        #datapoints = 365
        residuals are weighted equally (unit weight)

function used for fitting: g(x)
	g(x)=a+b*x
fitted parameters initialized with current variable values

iter      chisq       delta/lim  lambda   a             b            
   0 5.4120938857e+04   0.00e+00  1.23e+00    1.000000e+00   1.000000e+00
   3 9.3553317985e+02  -1.77e-07  1.23e-03    3.566002e+00   7.944468e+00

After 3 iterations the fit converged.
final sum of squares of residuals : 935.533
rel. change during last iteration : -1.77226e-12

degrees of freedom    (FIT_NDF)                        : 363
rms of residuals      (FIT_STDFIT) = sqrt(WSSR/ndf)    : 1.60537
variance of residuals (reduced chisquare) = WSSR/ndf   : 2.57723

Final set of parameters            Asymptotic Standard Error
=======================            ==========================
a               = 3.566            +/- 0.142        (3.981%)
b               = 7.94447          +/- 0.09952      (1.253%)

correlation matrix of the fit parameters:
                a      b      
a               1.000 
b              -0.806  1.000 


*******************************************************************************
Thu Nov  7 09:26:41 2024


FIT:    data read from 'sde_results' u (log(1/$4)/log(10)):2
        format = x:z
        x range restricted to [0.00000 : 10.0000]
        #datapoints = 365
        residuals are weighted equally (unit weight)

function used for fitting: g(x)
	g(x)=a+b*x
fitted parameters initialized with current variable values

iter      chisq       delta/lim  lambda   a             b            
   0 5.4120938857e+04   0.00e+00  1.23e+00    1.000000e+00   1.000000e+00
   3 9.3553317985e+02  -1.77e-07  1.23e-03    3.566002e+00   7.944468e+00

After 3 iterations the fit converged.
final sum of squares of residuals : 935.533
rel. change during last iteration : -1.77226e-12

degrees of freedom    (FIT_NDF)                        : 363
rms of residuals      (FIT_STDFIT) = sqrt(WSSR/ndf)    : 1.60537
variance of residuals (reduced chisquare) = WSSR/ndf   : 2.57723

Final set of parameters            Asymptotic Standard Error
=======================            ==========================
a               = 3.566            +/- 0.142        (3.981%)
b               = 7.94447          +/- 0.09952      (1.253%)

correlation matrix of the fit parameters:
                a      b      
a               1.000 
b              -0.806  1.000 


*******************************************************************************
Thu Nov  7 09:27:18 2024


FIT:    data read from 'sde_results' u (log(1/$4)/log(10)):2
        format = x:z
        x range restricted to [0.00000 : 10.0000]
        #datapoints = 366
        residuals are weighted equally (unit weight)

function used for fitting: g(x)
	g(x)=a+b*x
fitted parameters initialized with current variable values

iter      chisq       delta/lim  lambda   a             b            
   0 5.4695823471e+04   0.00e+00  1.24e+00    1.000000e+00   1.000000e+00
   3 9.3570338888e+02  -1.75e-07  1.24e-03    3.563735e+00   7.947414e+00

After 3 iterations the fit converged.
final sum of squares of residuals : 935.703
rel. change during last iteration : -1.74715e-12

degrees of freedom    (FIT_NDF)                        : 364
rms of residuals      (FIT_STDFIT) = sqrt(WSSR/ndf)    : 1.60331
variance of residuals (reduced chisquare) = WSSR/ndf   : 2.57061

Final set of parameters            Asymptotic Standard Error
=======================            ==========================
a               = 3.56374          +/- 0.1415       (3.971%)
b               = 7.94741          +/- 0.09873      (1.242%)

correlation matrix of the fit parameters:
                a      b      
a               1.000 
b              -0.806  1.000 


*******************************************************************************
Sat Nov 23 01:55:01 2024


FIT:    data read from 'sde_results' u (log(1/$4)/log(10)):2
        format = x:z
        x range restricted to [0.00000 : 10.0000]
        #datapoints = 366
        residuals are weighted equally (unit weight)

function used for fitting: g(x)
	g(x)=a+b*x
fitted parameters initialized with current variable values

iter      chisq       delta/lim  lambda   a             b            
   0 5.4695823471e+04   0.00e+00  1.24e+00    1.000000e+00   1.000000e+00
   3 9.3570338888e+02  -1.75e-07  1.24e-03    3.563735e+00   7.947414e+00

After 3 iterations the fit converged.
final sum of squares of residuals : 935.703
rel. change during last iteration : -1.74715e-12

degrees of freedom    (FIT_NDF)                        : 364
rms of residuals      (FIT_STDFIT) = sqrt(WSSR/ndf)    : 1.60331
variance of residuals (reduced chisquare) = WSSR/ndf   : 2.57061

Final set of parameters            Asymptotic Standard Error
=======================            ==========================
a               = 3.56374          +/- 0.1415       (3.971%)
b               = 7.94741          +/- 0.09873      (1.242%)

correlation matrix of the fit parameters:
                a      b      
a               1.000 
b              -0.806  1.000 


*******************************************************************************
Sat Nov 23 01:55:47 2024


FIT:    data read from 'sde_results' u (log(1/$4)/log(10)):2
        format = x:z
        x range restricted to [0.00000 : 10.0000]
        #datapoints = 204
        residuals are weighted equally (unit weight)

function used for fitting: g(x)
	g(x)=a+b*x
fitted parameters initialized with current variable values

iter      chisq       delta/lim  lambda   a             b            
   0 1.0604988515e+04   0.00e+00  8.98e-01    1.000000e+00   1.000000e+00
   3 9.3971583028e+01  -1.85e-05  8.98e-04    2.348045e+00   8.832674e+00

After 3 iterations the fit converged.
final sum of squares of residuals : 93.9716
rel. change during last iteration : -1.84734e-10

degrees of freedom    (FIT_NDF)                        : 202
rms of residuals      (FIT_STDFIT) = sqrt(WSSR/ndf)    : 0.68206
variance of residuals (reduced chisquare) = WSSR/ndf   : 0.465206

Final set of parameters            Asymptotic Standard Error
=======================            ==========================
a               = 2.34804          +/- 0.06959      (2.964%)
b               = 8.83267          +/- 0.0888       (1.005%)

correlation matrix of the fit parameters:
                a      b      
a               1.000 
b              -0.727  1.000 


*******************************************************************************
Sat Nov 23 01:58:14 2024


FIT:    data read from 'sde_results' u (log(1/$4)/log(10)):2
        format = x:z
        x range restricted to [0.00000 : 10.0000]
        #datapoints = 206
        residuals are weighted equally (unit weight)

function used for fitting: g(x)
	g(x)=a+b*x
fitted parameters initialized with current variable values

iter      chisq       delta/lim  lambda   a             b            
   0 1.1217031617e+04   0.00e+00  9.08e-01    1.000000e+00   1.000000e+00
   3 9.4857139435e+01  -1.66e-05  9.08e-04    2.342027e+00   8.849029e+00

After 3 iterations the fit converged.
final sum of squares of residuals : 94.8571
rel. change during last iteration : -1.66418e-10

degrees of freedom    (FIT_NDF)                        : 204
rms of residuals      (FIT_STDFIT) = sqrt(WSSR/ndf)    : 0.681899
variance of residuals (reduced chisquare) = WSSR/ndf   : 0.464986

Final set of parameters            Asymptotic Standard Error
=======================            ==========================
a               = 2.34203          +/- 0.06906      (2.949%)
b               = 8.84903          +/- 0.08583      (0.9699%)

correlation matrix of the fit parameters:
                a      b      
a               1.000 
b              -0.726  1.000 


*******************************************************************************
Sat Nov 23 01:59:08 2024


FIT:    data read from 'sde_results' u (log(1/$4)/log(10)):2
        format = x:z
        x range restricted to [0.00000 : 10.0000]
        #datapoints = 206
        residuals are weighted equally (unit weight)

function used for fitting: g(x)
	g(x)=a+b*x
fitted parameters initialized with current variable values

iter      chisq       delta/lim  lambda   a             b            
   0 1.1217031617e+04   0.00e+00  9.08e-01    1.000000e+00   1.000000e+00
   3 9.4857139435e+01  -1.66e-05  9.08e-04    2.342027e+00   8.849029e+00

After 3 iterations the fit converged.
final sum of squares of residuals : 94.8571
rel. change during last iteration : -1.66418e-10

degrees of freedom    (FIT_NDF)                        : 204
rms of residuals      (FIT_STDFIT) = sqrt(WSSR/ndf)    : 0.681899
variance of residuals (reduced chisquare) = WSSR/ndf   : 0.464986

Final set of parameters            Asymptotic Standard Error
=======================            ==========================
a               = 2.34203          +/- 0.06906      (2.949%)
b               = 8.84903          +/- 0.08583      (0.9699%)

correlation matrix of the fit parameters:
                a      b      
a               1.000 
b              -0.726  1.000 


*******************************************************************************
Sat Nov 23 02:00:09 2024


FIT:    data read from 'sde_results' u (log(1/$4)/log(10)):2
        format = x:z
        x range restricted to [0.00000 : 10.0000]
        #datapoints = 208
        residuals are weighted equally (unit weight)

function used for fitting: g(x)
	g(x)=a+b*x
fitted parameters initialized with current variable values

iter      chisq       delta/lim  lambda   a             b            
   0 1.1823664078e+04   0.00e+00  9.17e-01    1.000000e+00   1.000000e+00
   3 9.5086769721e+01  -1.49e-05  9.17e-04    2.347719e+00   8.834205e+00

After 3 iterations the fit converged.
final sum of squares of residuals : 95.0868
rel. change during last iteration : -1.4941e-10

degrees of freedom    (FIT_NDF)                        : 206
rms of residuals      (FIT_STDFIT) = sqrt(WSSR/ndf)    : 0.679401
variance of residuals (reduced chisquare) = WSSR/ndf   : 0.461586

Final set of parameters            Asymptotic Standard Error
=======================            ==========================
a               = 2.34772          +/- 0.06829      (2.909%)
b               = 8.83421          +/- 0.08262      (0.9352%)

correlation matrix of the fit parameters:
                a      b      
a               1.000 
b              -0.724  1.000 


*******************************************************************************
Sat Nov 23 02:01:01 2024


FIT:    data read from 'sde_results' u (log(1/$4)/log(10)):2
        format = x:z
        x range restricted to [0.00000 : 10.0000]
        #datapoints = 208
        residuals are weighted equally (unit weight)

function used for fitting: g(x)
	g(x)=a+b*x
fitted parameters initialized with current variable values

iter      chisq       delta/lim  lambda   a             b            
   0 1.1823664078e+04   0.00e+00  9.17e-01    1.000000e+00   1.000000e+00
   3 9.5086769721e+01  -1.49e-05  9.17e-04    2.347719e+00   8.834205e+00

After 3 iterations the fit converged.
final sum of squares of residuals : 95.0868
rel. change during last iteration : -1.4941e-10

degrees of freedom    (FIT_NDF)                        : 206
rms of residuals      (FIT_STDFIT) = sqrt(WSSR/ndf)    : 0.679401
variance of residuals (reduced chisquare) = WSSR/ndf   : 0.461586

Final set of parameters            Asymptotic Standard Error
=======================            ==========================
a               = 2.34772          +/- 0.06829      (2.909%)
b               = 8.83421          +/- 0.08262      (0.9352%)

correlation matrix of the fit parameters:
                a      b      
a               1.000 
b              -0.724  1.000 


*******************************************************************************
Sat Nov 23 02:02:00 2024


FIT:    data read from 'sde_results' u (log(1/$4)/log(10)):2
        format = x:z
        x range restricted to [0.00000 : 10.0000]
        #datapoints = 210
        residuals are weighted equally (unit weight)

function used for fitting: g(x)
	g(x)=a+b*x
fitted parameters initialized with current variable values

iter      chisq       delta/lim  lambda   a             b            
   0 1.2431171298e+04   0.00e+00  9.27e-01    1.000000e+00   1.000000e+00
   3 9.5801882425e+01  -1.36e-05  9.27e-04    2.351070e+00   8.825429e+00

After 3 iterations the fit converged.
final sum of squares of residuals : 95.8019
rel. change during last iteration : -1.35764e-10

degrees of freedom    (FIT_NDF)                        : 208
rms of residuals      (FIT_STDFIT) = sqrt(WSSR/ndf)    : 0.678665
variance of residuals (reduced chisquare) = WSSR/ndf   : 0.460586

Final set of parameters            Asymptotic Standard Error
=======================            ==========================
a               = 2.35107          +/- 0.06779      (2.883%)
b               = 8.82543          +/- 0.08         (0.9065%)

correlation matrix of the fit parameters:
                a      b      
a               1.000 
b              -0.723  1.000 


*******************************************************************************
Sat Nov 23 02:07:30 2024


FIT:    data read from 'sde_results' u (log(1/$4)/log(10)):2
        format = x:z
        x range restricted to [0.00000 : 10.0000]
        #datapoints = 215
        residuals are weighted equally (unit weight)

function used for fitting: g(x)
	g(x)=a+b*x
fitted parameters initialized with current variable values

iter      chisq       delta/lim  lambda   a             b            
   0 1.3851250380e+04   0.00e+00  9.51e-01    1.000000e+00   1.000000e+00
   3 1.0532048903e+02  -9.74e-06  9.51e-04    2.398738e+00   8.705152e+00

After 3 iterations the fit converged.
final sum of squares of residuals : 105.32
rel. change during last iteration : -9.73933e-11

degrees of freedom    (FIT_NDF)                        : 213
rms of residuals      (FIT_STDFIT) = sqrt(WSSR/ndf)    : 0.70318
variance of residuals (reduced chisquare) = WSSR/ndf   : 0.494462

Final set of parameters            Asymptotic Standard Error
=======================            ==========================
a               = 2.39874          +/- 0.0692       (2.885%)
b               = 8.70515          +/- 0.07695      (0.884%)

correlation matrix of the fit parameters:
                a      b      
a               1.000 
b              -0.721  1.000 


*******************************************************************************
Sat Nov 23 09:06:17 2024


FIT:    data read from 'sde_results' u (log(1/$4)/log(10)):2
        format = x:z
        x range restricted to [0.00000 : 10.0000]
        #datapoints = 230
        residuals are weighted equally (unit weight)

function used for fitting: g(x)
	g(x)=a+b*x
fitted parameters initialized with current variable values

iter      chisq       delta/lim  lambda   a             b            
   0 1.8260931311e+04   0.00e+00  1.01e+00    1.000000e+00   1.000000e+00
   3 1.1823867993e+02  -6.52e-06  1.01e-03    2.414835e+00   8.669205e+00

After 3 iterations the fit converged.
final sum of squares of residuals : 118.239
rel. change during last iteration : -6.51945e-11

degrees of freedom    (FIT_NDF)                        : 228
rms of residuals      (FIT_STDFIT) = sqrt(WSSR/ndf)    : 0.720132
variance of residuals (reduced chisquare) = WSSR/ndf   : 0.518591

Final set of parameters            Asymptotic Standard Error
=======================            ==========================
a               = 2.41483          +/- 0.0693       (2.87%)
b               = 8.6692           +/- 0.06815      (0.7861%)

correlation matrix of the fit parameters:
                a      b      
a               1.000 
b              -0.728  1.000 


*******************************************************************************
Sat Nov 23 09:30:19 2024


FIT:    data read from 'sde_results' u (log(1/$4)/log(10)):2
        format = x:z
        x range restricted to [0.00000 : 10.0000]
        #datapoints = 230
        residuals are weighted equally (unit weight)

function used for fitting: g(x)
	g(x)=a+b*x
fitted parameters initialized with current variable values

iter      chisq       delta/lim  lambda   a             b            
   0 1.8260931311e+04   0.00e+00  1.01e+00    1.000000e+00   1.000000e+00
   3 1.1823867993e+02  -6.52e-06  1.01e-03    2.414835e+00   8.669205e+00

After 3 iterations the fit converged.
final sum of squares of residuals : 118.239
rel. change during last iteration : -6.51945e-11

degrees of freedom    (FIT_NDF)                        : 228
rms of residuals      (FIT_STDFIT) = sqrt(WSSR/ndf)    : 0.720132
variance of residuals (reduced chisquare) = WSSR/ndf   : 0.518591

Final set of parameters            Asymptotic Standard Error
=======================            ==========================
a               = 2.41483          +/- 0.0693       (2.87%)
b               = 8.6692           +/- 0.06815      (0.7861%)

correlation matrix of the fit parameters:
                a      b      
a               1.000 
b              -0.728  1.000 


*******************************************************************************
Sat Nov 23 10:25:58 2024


FIT:    data read from 'sde_results' u (log(1/$4)/log(10)):2
        format = x:z
        x range restricted to [0.00000 : 10.0000]
        #datapoints = 284
        residuals are weighted equally (unit weight)

function used for fitting: g(x)
	g(x)=a+b*x
fitted parameters initialized with current variable values

iter      chisq       delta/lim  lambda   a             b            
   0 3.3719413942e+04   0.00e+00  1.15e+00    1.000000e+00   1.000000e+00
   3 1.7430678564e+02  -3.60e-06  1.15e-03    2.465618e+00   8.555189e+00

After 3 iterations the fit converged.
final sum of squares of residuals : 174.307
rel. change during last iteration : -3.59849e-11

degrees of freedom    (FIT_NDF)                        : 282
rms of residuals      (FIT_STDFIT) = sqrt(WSSR/ndf)    : 0.786199
variance of residuals (reduced chisquare) = WSSR/ndf   : 0.618109

Final set of parameters            Asymptotic Standard Error
=======================            ==========================
a               = 2.46562          +/- 0.07352      (2.982%)
b               = 8.55519          +/- 0.05729      (0.6696%)

correlation matrix of the fit parameters:
                a      b      
a               1.000 
b              -0.773  1.000 


*******************************************************************************
Sat Nov 23 12:08:06 2024


FIT:    data read from 'sde_results' u (log(1/$4)/log(10)):2
        format = x:z
        x range restricted to [0.00000 : 10.0000]
        #datapoints = 301
        residuals are weighted equally (unit weight)

function used for fitting: g(x)
	g(x)=a+b*x
fitted parameters initialized with current variable values

iter      chisq       delta/lim  lambda   a             b            
   0 3.9105929388e+04   0.00e+00  1.18e+00    1.000000e+00   1.000000e+00
   3 1.9032690364e+02  -3.37e-06  1.18e-03    2.461768e+00   8.579322e+00

After 3 iterations the fit converged.
final sum of squares of residuals : 190.327
rel. change during last iteration : -3.367e-11

degrees of freedom    (FIT_NDF)                        : 299
rms of residuals      (FIT_STDFIT) = sqrt(WSSR/ndf)    : 0.797838
variance of residuals (reduced chisquare) = WSSR/ndf   : 0.636545

Final set of parameters            Asymptotic Standard Error
=======================            ==========================
a               = 2.46177          +/- 0.07416      (3.012%)
b               = 8.57932          +/- 0.05517      (0.6431%)

correlation matrix of the fit parameters:
                a      b      
a               1.000 
b              -0.784  1.000 
